INFO - 2023-08-01 05:33:03 --> Session: Class initialized using 'CodeIgniter\Session\Handlers\FileHandler' driver.
INFO - 2023-08-01 05:33:11 --> Session: Class initialized using 'CodeIgniter\Session\Handlers\FileHandler' driver.
INFO - 2023-08-01 05:33:12 --> Session: Class initialized using 'CodeIgniter\Session\Handlers\FileHandler' driver.
INFO - 2023-08-01 05:33:18 --> Session: Class initialized using 'CodeIgniter\Session\Handlers\FileHandler' driver.
WARNING - 2023-08-01 05:33:18 --> Session: Sessions is enabled, and one exists. Please don't $session->start();
INFO - 2023-08-01 05:33:20 --> Session: Class initialized using 'CodeIgniter\Session\Handlers\FileHandler' driver.
WARNING - 2023-08-01 05:33:20 --> Session: Sessions is enabled, and one exists. Please don't $session->start();
INFO - 2023-08-01 05:37:56 --> Session: Class initialized using 'CodeIgniter\Session\Handlers\FileHandler' driver.
WARNING - 2023-08-01 05:37:56 --> Session: Sessions is enabled, and one exists. Please don't $session->start();
INFO - 2023-08-01 05:38:00 --> Session: Class initialized using 'CodeIgniter\Session\Handlers\FileHandler' driver.
WARNING - 2023-08-01 05:38:00 --> Session: Sessions is enabled, and one exists. Please don't $session->start();
CRITICAL - 2023-08-01 05:38:00 --> Undefined array key "Subdistid"
in APPPATH\Controllers\Admin.php on line 217.
 1 APPPATH\Controllers\Admin.php(217): CodeIgniter\Debug\Exceptions->errorHandler(2, 'Undefined array key "Subdistid"', 'C:\\xampp\\htdocs\\DiMS\\app\\Controllers\\Admin.php', 217)
 2 SYSTEMPATH\CodeIgniter.php(932): App\Controllers\Admin->exportToCSV()
 3 SYSTEMPATH\CodeIgniter.php(497): CodeIgniter\CodeIgniter->runController(Object(App\Controllers\Admin))
 4 SYSTEMPATH\CodeIgniter.php(366): CodeIgniter\CodeIgniter->handleRequest(null, Object(Config\Cache), false)
 5 FCPATH\index.php(67): CodeIgniter\CodeIgniter->run()
 6 SYSTEMPATH\Commands\Server\rewrite.php(47): require_once('C:\\xampp\\htdocs\\DiMS\\public\\index.php')
INFO - 2023-08-01 05:39:22 --> Session: Class initialized using 'CodeIgniter\Session\Handlers\FileHandler' driver.
WARNING - 2023-08-01 05:39:22 --> Session: Sessions is enabled, and one exists. Please don't $session->start();
INFO - 2023-08-01 05:39:30 --> Session: Class initialized using 'CodeIgniter\Session\Handlers\FileHandler' driver.
WARNING - 2023-08-01 05:39:30 --> Session: Sessions is enabled, and one exists. Please don't $session->start();
INFO - 2023-08-01 05:47:02 --> Session: Class initialized using 'CodeIgniter\Session\Handlers\FileHandler' driver.
WARNING - 2023-08-01 05:47:02 --> Session: Sessions is enabled, and one exists. Please don't $session->start();
INFO - 2023-08-01 05:47:04 --> Session: Class initialized using 'CodeIgniter\Session\Handlers\FileHandler' driver.
WARNING - 2023-08-01 05:47:04 --> Session: Sessions is enabled, and one exists. Please don't $session->start();
CRITICAL - 2023-08-01 05:47:04 --> Class "PhpOffice\PhpSpreadsheet\Spreadsheet" not found
in APPPATH\Controllers\Admin.php on line 242.
 1 SYSTEMPATH\CodeIgniter.php(932): App\Controllers\Admin->exportToExcel()
 2 SYSTEMPATH\CodeIgniter.php(497): CodeIgniter\CodeIgniter->runController(Object(App\Controllers\Admin))
 3 SYSTEMPATH\CodeIgniter.php(366): CodeIgniter\CodeIgniter->handleRequest(null, Object(Config\Cache), false)
 4 FCPATH\index.php(67): CodeIgniter\CodeIgniter->run()
 5 SYSTEMPATH\Commands\Server\rewrite.php(47): require_once('C:\\xampp\\htdocs\\DiMS\\public\\index.php')
INFO - 2023-08-01 09:13:15 --> Session: Class initialized using 'CodeIgniter\Session\Handlers\FileHandler' driver.
INFO - 2023-08-01 09:13:21 --> Session: Class initialized using 'CodeIgniter\Session\Handlers\FileHandler' driver.
INFO - 2023-08-01 09:13:21 --> Session: Class initialized using 'CodeIgniter\Session\Handlers\FileHandler' driver.
INFO - 2023-08-01 09:13:24 --> Session: Class initialized using 'CodeIgniter\Session\Handlers\FileHandler' driver.
WARNING - 2023-08-01 09:13:24 --> Session: Sessions is enabled, and one exists. Please don't $session->start();
INFO - 2023-08-01 09:13:26 --> Session: Class initialized using 'CodeIgniter\Session\Handlers\FileHandler' driver.
WARNING - 2023-08-01 09:13:26 --> Session: Sessions is enabled, and one exists. Please don't $session->start();
INFO - 2023-08-01 12:08:04 --> Session: Class initialized using 'CodeIgniter\Session\Handlers\FileHandler' driver.
INFO - 2023-08-01 12:08:12 --> Session: Class initialized using 'CodeIgniter\Session\Handlers\FileHandler' driver.
INFO - 2023-08-01 12:08:12 --> Session: Class initialized using 'CodeIgniter\Session\Handlers\FileHandler' driver.
INFO - 2023-08-01 12:08:16 --> Session: Class initialized using 'CodeIgniter\Session\Handlers\FileHandler' driver.
WARNING - 2023-08-01 12:08:16 --> Session: Sessions is enabled, and one exists. Please don't $session->start();
INFO - 2023-08-01 12:12:29 --> Session: Class initialized using 'CodeIgniter\Session\Handlers\FileHandler' driver.
WARNING - 2023-08-01 12:12:29 --> Session: Sessions is enabled, and one exists. Please don't $session->start();
INFO - 2023-08-01 12:12:32 --> Session: Class initialized using 'CodeIgniter\Session\Handlers\FileHandler' driver.
WARNING - 2023-08-01 12:12:32 --> Session: Sessions is enabled, and one exists. Please don't $session->start();
INFO - 2023-08-01 12:12:34 --> Session: Class initialized using 'CodeIgniter\Session\Handlers\FileHandler' driver.
WARNING - 2023-08-01 12:12:34 --> Session: Sessions is enabled, and one exists. Please don't $session->start();
INFO - 2023-08-01 12:12:45 --> Session: Class initialized using 'CodeIgniter\Session\Handlers\FileHandler' driver.
WARNING - 2023-08-01 12:12:45 --> Session: Sessions is enabled, and one exists. Please don't $session->start();
INFO - 2023-08-01 12:12:45 --> Session: Class initialized using 'CodeIgniter\Session\Handlers\FileHandler' driver.
WARNING - 2023-08-01 12:12:45 --> Session: Sessions is enabled, and one exists. Please don't $session->start();
INFO - 2023-08-01 12:12:47 --> Session: Class initialized using 'CodeIgniter\Session\Handlers\FileHandler' driver.
WARNING - 2023-08-01 12:12:47 --> Session: Sessions is enabled, and one exists. Please don't $session->start();
INFO - 2023-08-01 12:12:47 --> Session: Class initialized using 'CodeIgniter\Session\Handlers\FileHandler' driver.
WARNING - 2023-08-01 12:12:47 --> Session: Sessions is enabled, and one exists. Please don't $session->start();
INFO - 2023-08-01 12:12:50 --> Session: Class initialized using 'CodeIgniter\Session\Handlers\FileHandler' driver.
INFO - 2023-08-01 12:12:51 --> Session: Class initialized using 'CodeIgniter\Session\Handlers\FileHandler' driver.
INFO - 2023-08-01 12:13:25 --> Session: Class initialized using 'CodeIgniter\Session\Handlers\FileHandler' driver.
WARNING - 2023-08-01 12:13:25 --> Session: Sessions is enabled, and one exists. Please don't $session->start();
INFO - 2023-08-01 12:13:28 --> Session: Class initialized using 'CodeIgniter\Session\Handlers\FileHandler' driver.
WARNING - 2023-08-01 12:13:28 --> Session: Sessions is enabled, and one exists. Please don't $session->start();
INFO - 2023-08-01 13:27:56 --> Session: Class initialized using 'CodeIgniter\Session\Handlers\FileHandler' driver.
WARNING - 2023-08-01 13:27:56 --> Session: Sessions is enabled, and one exists. Please don't $session->start();
